#-----------------------------------------------------------
# Vivado v2018.2 (64-bit)
# SW Build 2258646 on Thu Jun 14 20:03:12 MDT 2018
# IP Build 2256618 on Thu Jun 14 22:10:49 MDT 2018
# Start of session at: Fri Oct 29 15:01:25 2021
# Process ID: 8760
# Current directory: C:/Users/kktai/Documents/EE2026/finalised/SoundDisplay
# Command line: vivado.exe -gui_launcher_event rodinguilauncherevent21616 C:\Users\kktai\Documents\EE2026\finalised\SoundDisplay\SoundDisplay.xpr
# Log file: C:/Users/kktai/Documents/EE2026/finalised/SoundDisplay/vivado.log
# Journal file: C:/Users/kktai/Documents/EE2026/finalised/SoundDisplay\vivado.jou
#-----------------------------------------------------------
start_guioopen_project C:/Users/kktai/Documents/EE2026/finalised/SoundDisplay/SoundDisplay.xpr
Scanning sources...
Finished scanning sources
INFO: [IP_Flow 19-234] Refreshing IP repositories
INFO: [IP_Flow 19-1704] No user IP repositories specified
INFO: [IP_Flow 19-2313] Loaded Vivado IP repository 'C:/Xilinx/Vivado/2018.2/data/ip'.
open_project: Time (s): cpu = 00:00:24 ; elapsed = 00:00:11 . Memory (MB): peak = 808.984 ; gain = 73.152
update_compile_order -fileset sources_1
export_ip_user_files -of_objects  [get_files C:/Users/kktai/Documents/EE2026/finalised/SoundDisplay/SoundDisplay.srcs/sources_1/new/stop_watch.v] -no_script -resetupdate_compile_order -fileset sim_1
s/kktai/Documents/EE2026/finalised/SoundDisplay/SoundDisplay.srcs/sources_1/new/stop_watch.v
file delete -force C:/Users/kktai/Documents/EE2026/finalised/SoundDisplay/SoundDisplay.srcs/sources_1/new/stop_watch.v
export_ip_user_files -of_objects  [get_files C:/Users/kktai/Documents/EE2026/finalised/SoundDisplay/SoundDisplay.srcs/sources_1/new/top_student_basic.v] -no_script -reset -force -quiet
remove_files  C:/Users/kktai/Documents/EE2026/finalised/SoundDisplay/SoundDisplay.srcs/sources_1/new/top_student_basic.v
file delete -force C:/Users/kktai/Documents/EE2026/finalised/SoundDisplay/SoundDisplay.srcs/sources_1/new/top_student_basic.v
export_ip_user_files -of_objects  [get_files C:/Users/kktai/Documents/EE2026/finalised/SoundDisplay/SoundDisplay.srcs/sources_1/new/Top_Student.v] -no_script -reset -force -quiet
remove_files  C:/Users/kktai/Documents/EE2026/finalised/SoundDisplay/SoundDisplay.srcs/sources_1/new/Top_Student.v
file delete -force C:/Users/kktai/Documents/EE2026/finalised/SoundDisplay/SoundDisplay.srcs/sources_1/new/Top_Student.v
export_ip_user_files -of_objects  [get_files C:/Users/kktai/Documents/EE2026/finalised/SoundDisplay/SoundDisplay.srcs/sources_1/new/seg_control.v] -no_script -reset -force -quiet
remove_files  C:/Users/kktai/Documents/EE2026/finalised/SoundDisplay/SoundDisplay.srcs/sources_1/new/seg_control.v
file delete -force C:/Users/kktai/Documents/EE2026/finalised/SoundDisplay/SoundDisplay.srcs/sources_1/new/seg_control.v
remove_files  C:/Users/kktai/Documents/EE2026/finalised/SoundDisplay/SoundDisplay.srcs/sources_1/new/seg_control.v
WARNING: [Vivado 12-818] No files matched 'C:/Users/kktai/Documents/EE2026/finalised/SoundDisplay/SoundDisplay.srcs/sources_1/new/seg_control.v'
archive_project C:/Users/kktai/Documents/EE2026/finalised/space_test.xpr.zip -temp_dir C:/Users/kktai/Documents/EE2026/finalised/SoundDisplay/.Xil/Vivado-8760-DESKTOP-7HIFBSP -force -include_local_ip_cache -include_config_settings
INFO: [Coretcl 2-137] starting archive...
INFO: [Coretcl 2-1499] Saving project copy to temporary location 'C:/Users/kktai/Documents/EE2026/finalised/SoundDisplay/.Xil/Vivado-8760-DESKTOP-7HIFBSP' for archiving project
Scanning sources...
Finished scanning sources
INFO: [Coretcl 2-1211] Creating project copy for archival...
INFO: [ProjectBase 1-495] The host OS only allows 260 characters in a normal path. The project is stored in a path with more than 80 characters. If you experience any problem with archiving the project, please consider setting environment variable $TEMP to a shorter path.
Current project path is 'C:/Users/kktai/Documents/EE2026/finalised/SoundDisplay/.Xil/Vivado-8760-DESKTOP-7HIFBSP/PrjAr/_X_'.
INFO: [Coretcl 2-1213] Including run results for 'synth_1'
INFO: [Coretcl 2-1213] Including run results for 'impl_1'
INFO: [Coretcl 2-1212] Importing remotely added design sources and verilog include files (if any)...
INFO: [filemgmt 20-334] All file(s) are already imported in fileset: 'constrs_1'
INFO: [filemgmt 20-348] Importing the appropriate files for fileset: 'constrs_1'
INFO: [filemgmt 20-334] All file(s) are already imported in fileset: 'sim_1'
INFO: [filemgmt 20-348] Importing the appropriate files for fileset: 'sim_1'
INFO: [filemgmt 20-348] Importing the appropriate files for fileset: 'sources_1'
INFO: [Coretcl 2-1209] Adding archive summary file to the project...
INFO: [Coretcl 2-1214] Preparing project files for archive...
INFO: [Coretcl 2-1210] Compressing project files and data...
INFO: [Coretcl 2-1215] Project archived (C:/Users/kktai/Documents/EE2026/finalised/space_test.xpr.zip)
INFO: [Coretcl 2-1216] To view the archive summary log in GUI, double click on 'Design Sources->Text->archive_project_summary.txt', or open this file from the archived project directory.
archive_project: Time (s): cpu = 00:00:07 ; elapsed = 00:00:09 . Memory (MB): peak = 841.164 ; gain = 0.000
export_ip_user_files -of_objects  [get_files C:/Users/kktai/Documents/EE2026/finalised/SoundDisplay/SoundDisplay.srcs/sim_1/new/clk_sim.v] -no_script -reset -force -quiet
remove_files  -fileset sim_1 C:/Users/kktai/Documents/EE2026/finalised/SoundDisplay/SoundDisplay.srcs/sim_1/new/clk_sim.v
file delete -force C:/Users/kktai/Documents/EE2026/finalised/SoundDisplay/SoundDisplay.srcs/sim_1/new/clk_sim.v
archive_project C:/Users/kktai/Documents/EE2026/finalised/t2.xpr.zip -temp_dir C:/Users/kktai/Documents/EE2026/finalised/SoundDisplay/.Xil/Vivado-8760-DESKTOP-7HIFBSP -force -include_local_ip_cache -include_config_settings
INFO: [Coretcl 2-137] starting archive...
INFO: [Coretcl 2-1499] Saving project copy to temporary location 'C:/Users/kktai/Documents/EE2026/finalised/SoundDisplay/.Xil/Vivado-8760-DESKTOP-7HIFBSP' for archiving project
Scanning sources...
Finished scanning sources
INFO: [Coretcl 2-1211] Creating project copy for archival...
INFO: [ProjectBase 1-495] The host OS only allows 260 characters in a normal path. The project is stored in a path with more than 80 characters. If you experience any problem with archiving the project, please consider setting environment variable $TEMP to a shorter path.
Current project path is 'C:/Users/kktai/Documents/EE2026/finalised/SoundDisplay/.Xil/Vivado-8760-DESKTOP-7HIFBSP/PrjAr/_X_'.
INFO: [Coretcl 2-1213] Including run results for 'synth_1'
INFO: [Coretcl 2-1213] Including run results for 'impl_1'
INFO: [Coretcl 2-1212] Importing remotely added design sources and verilog include files (if any)...
INFO: [filemgmt 20-334] All file(s) are already imported in fileset: 'constrs_1'
INFO: [filemgmt 20-348] Importing the appropriate files for fileset: 'constrs_1'
INFO: [filemgmt 20-348] Importing the appropriate files for fileset: 'sources_1'
INFO: [Coretcl 2-1209] Adding archive summary file to the project...
INFO: [Coretcl 2-1214] Preparing project files for archive...
INFO: [Coretcl 2-1210] Compressing project files and data...
INFO: [Coretcl 2-1215] Project archived (C:/Users/kktai/Documents/EE2026/finalised/t2.xpr.zip)
INFO: [Coretcl 2-1216] To view the archive summary log in GUI, double click on 'Design Sources->Text->archive_project_summary.txt', or open this file from the archived project directory.
archive_project: Time (s): cpu = 00:00:06 ; elapsed = 00:00:08 . Memory (MB): peak = 853.062 ; gain = 4.305
reset_run impl_1 -prev_step 
launch_runs impl_1 -to_step write_bitstream -jobs 8
[Fri Oct 29 15:13:37 2021] Launched impl_1...
Run output will be captured here: C:/Users/kktai/Documents/EE2026/finalised/SoundDisplay/SoundDisplay.runs/impl_1/runme.log
reset_run impl_1 -prev_step 
WARNING: [Vivado 12-1017] Problems encountered:
1. PID not specified

reset_run synth_1
WARNING: [Vivado 12-1017] Problems encountered:
1. PID not specified
2. Failed to delete one or more files in run directory C:/Users/kktai/Documents/EE2026/finalised/SoundDisplay/SoundDisplay.runs/synth_1

launch_runs impl_1 -to_step write_bitstream -jobs 8
[Fri Oct 29 15:13:47 2021] Launched synth_1...
Run output will be captured here: C:/Users/kktai/Documents/EE2026/finalised/SoundDisplay/SoundDisplay.runs/synth_1/runme.log
[Fri Oct 29 15:13:47 2021] Launched impl_1...
Run output will be captured here: C:/Users/kktai/Documents/EE2026/finalised/SoundDisplay/SoundDisplay.runs/impl_1/runme.log
open_run impl_1
INFO: [Common 17-41] Interrupt caught. Command should exit soon.
INFO: [Netlist 29-17] Analyzing 326 Unisim elements for replacement
INFO: [Netlist 29-28] Unisim Transformation completed in 0 CPU seconds
INFO: [Project 1-479] Netlist was created with Vivado 2018.2
INFO: [Common 17-344] 'open_run' was cancelled
open_hw
connect_hw_server
INFO: [Labtools 27-2285] Connecting to hw_server url TCP:localhost:3121
INFO: [Labtools 27-2222] Launching hw_server...
INFO: [Labtools 27-2221] Launch Output:

****** Xilinx hw_server v2018.2
  **** Build date : Jun 14 2018-20:42:52
    ** Copyright 1986-2018 Xilinx, Inc. All Rights Reserved.


open_hw_target
INFO: [Labtoolstcl 44-466] Opening hw_target localhost:3121/xilinx_tcf/Digilent/210183ACB1C7A
set_property PROGRAM.FILE {C:/Users/kktai/Documents/EE2026/finalised/SoundDisplay/SoundDisplay.runs/impl_1/Top_Student.bit} [get_hw_devices xc7a35t_0]
current_hw_device [get_hw_devices xc7a35t_0]
refresh_hw_device -update_hw_probes false [lindex [get_hw_devices xc7a35t_0] 0]
INFO: [Labtools 27-1434] Device xc7a35t (JTAG device index = 0) is programmed with a design that has no supported debug core(s) in it.
WARNING: [Labtools 27-3361] The debug hub core was not detected.
Resolution: 
1. Make sure the clock connected to the debug hub (dbg_hub) core is a free running clock and is active.
2. Make sure the BSCAN_SWITCH_USER_MASK device property in Vivado Hardware Manager reflects the user scan chain setting in the design and refresh the device.  To determine the user scan chain setting in the design, open the implemented design and use 'get_property C_USER_SCAN_CHAIN [get_debug_cores dbg_hub]'.
For more details on setting the scan chain property, consult the Vivado Debug and Programming User Guide (UG908).
set_property PROBES.FILE {} [get_hw_devices xc7a35t_0]
set_property FULL_PROBES.FILE {} [get_hw_devices xc7a35t_0]
set_property PROGRAM.FILE {C:/Users/kktai/Documents/EE2026/finalised/SoundDisplay/SoundDisplay.runs/impl_1/Top_Student.bit} [get_hw_devices xc7a35t_0]
program_hw_devices [get_hw_devices xc7a35t_0]
INFO: [Labtools 27-3164] End of startup status: HIGH
refresh_hw_device [lindex [get_hw_devices xc7a35t_0] 0]
INFO: [Labtools 27-1434] Device xc7a35t (JTAG device index = 0) is programmed with a design that has no supported debug core(s) in it.
WARNING: [Labtools 27-3361] The debug hub core was not detected.
Resolution: 
1. Make sure the clock connected to the debug hub (dbg_hub) core is a free running clock and is active.
2. Make sure the BSCAN_SWITCH_USER_MASK device property in Vivado Hardware Manager reflects the user scan chain setting in the design and refresh the device.  To determine the user scan chain setting in the design, open the implemented design and use 'get_property C_USER_SCAN_CHAIN [get_debug_cores dbg_hub]'.
For more details on setting the scan chain property, consult the Vivado Debug and Programming User Guide (UG908).
archive_project C:/Users/kktai/Documents/EE2026/finalised/space_test2.xpr.zip -temp_dir C:/Users/kktai/Documents/EE2026/finalised/SoundDisplay/.Xil/Vivado-8760-DESKTOP-7HIFBSP -force -include_local_ip_cache -include_config_settings
INFO: [Coretcl 2-137] starting archive...
INFO: [Coretcl 2-1499] Saving project copy to temporary location 'C:/Users/kktai/Documents/EE2026/finalised/SoundDisplay/.Xil/Vivado-8760-DESKTOP-7HIFBSP' for archiving project
Scanning sources...
Finished scanning sources
INFO: [Coretcl 2-1211] Creating project copy for archival...
INFO: [ProjectBase 1-495] The host OS only allows 260 characters in a normal path. The project is stored in a path with more than 80 characters. If you experience any problem with archiving the project, please consider setting environment variable $TEMP to a shorter path.
Current project path is 'C:/Users/kktai/Documents/EE2026/finalised/SoundDisplay/.Xil/Vivado-8760-DESKTOP-7HIFBSP/PrjAr/_X_'.
INFO: [Coretcl 2-1213] Including run results for 'synth_1'
INFO: [Coretcl 2-1213] Including run results for 'impl_1'
INFO: [Coretcl 2-1212] Importing remotely added design sources and verilog include files (if any)...
INFO: [filemgmt 20-334] All file(s) are already imported in fileset: 'constrs_1'
INFO: [filemgmt 20-348] Importing the appropriate files for fileset: 'constrs_1'
INFO: [filemgmt 20-348] Importing the appropriate files for fileset: 'sources_1'
